<?xml version="1.0" encoding="UTF-8"?>
<!-- Generated by org.testng.reporters.JUnitXMLReporter -->
<testsuite ignored="0" hostname="user" failures="1" tests="1" name="Chrome Test" time="0.15" errors="0" timestamp="2026-02-08T01:25:45 IST">
  <testcase classname="com.grid.tests.GridTest" name="openGoogleOnGrid" time="0.015">
    <failure type="java.lang.RuntimeException" message="Local execution is disabled in GridTest. Use -Dexecution=grid">
      <![CDATA[java.lang.RuntimeException: Local execution is disabled in GridTest. Use -Dexecution=grid
at com.grid.tests.GridTest.openGoogleOnGrid(GridTest.java:43)
at java.base/java.util.ArrayList.forEach(ArrayList.java:1541)
at java.base/java.util.concurrent.FutureTask.run(FutureTask.java:264)
at java.base/java.util.concurrent.ThreadPoolExecutor.runWorker(ThreadPoolExecutor.java:1128)
at java.base/java.util.concurrent.ThreadPoolExecutor$Worker.run(ThreadPoolExecutor.java:628)
at java.base/java.lang.Thread.run(Thread.java:834)
... Removed 17 stack frames]]>
    </failure>
  </testcase> <!-- openGoogleOnGrid -->
</testsuite> <!-- Chrome Test -->
