<?xml version="1.0" encoding="UTF-8"?>
<testng-results ignored="0" total="2" passed="2" failed="0" skipped="0">
  <reporter-output>
  </reporter-output>
  <suite started-at="2026-02-08T23:59:23 IST" name="Grid Parallel Suite" finished-at="2026-02-08T23:59:32 IST" duration-ms="9288">
    <groups>
    </groups>
    <test started-at="2026-02-08T23:59:23 IST" name="Chrome Test" finished-at="2026-02-08T23:59:29 IST" duration-ms="5508">
      <class name="com.grid.tests.GridTest">
        <test-method is-config="true" signature="setUp(java.lang.String)[pri:0, instance:com.grid.tests.GridTest@2e6a8155]" started-at="2026-02-08T23:59:23 IST" name="setUp" finished-at="2026-02-08T23:59:27 IST" duration-ms="3660" status="PASS">
          <params>
            <param index="0">
              <value>
                <![CDATA[chrome]]>
              </value>
            </param>
          </params>
          <reporter-output>
          </reporter-output>
        </test-method> <!-- setUp -->
        <test-method signature="openGoogle()[pri:0, instance:com.grid.tests.GridTest@2e6a8155]" started-at="2026-02-08T23:59:27 IST" name="openGoogle" finished-at="2026-02-08T23:59:28 IST" duration-ms="1461" status="PASS">
          <reporter-output>
          </reporter-output>
        </test-method> <!-- openGoogle -->
        <test-method is-config="true" signature="tearDown()[pri:0, instance:com.grid.tests.GridTest@2e6a8155]" started-at="2026-02-08T23:59:28 IST" name="tearDown" finished-at="2026-02-08T23:59:29 IST" duration-ms="171" status="PASS">
          <reporter-output>
          </reporter-output>
        </test-method> <!-- tearDown -->
      </class> <!-- com.grid.tests.GridTest -->
    </test> <!-- Chrome Test -->
    <test started-at="2026-02-08T23:59:23 IST" name="Firefox Test" finished-at="2026-02-08T23:59:32 IST" duration-ms="9288">
      <class name="com.grid.tests.GridTest">
        <test-method is-config="true" signature="setUp(java.lang.String)[pri:0, instance:com.grid.tests.GridTest@742ff096]" started-at="2026-02-08T23:59:23 IST" name="setUp" finished-at="2026-02-08T23:59:30 IST" duration-ms="6981" status="PASS">
          <params>
            <param index="0">
              <value>
                <![CDATA[firefox]]>
              </value>
            </param>
          </params>
          <reporter-output>
          </reporter-output>
        </test-method> <!-- setUp -->
        <test-method signature="openGoogle()[pri:0, instance:com.grid.tests.GridTest@742ff096]" started-at="2026-02-08T23:59:30 IST" name="openGoogle" finished-at="2026-02-08T23:59:31 IST" duration-ms="1105" status="PASS">
          <reporter-output>
          </reporter-output>
        </test-method> <!-- openGoogle -->
        <test-method is-config="true" signature="tearDown()[pri:0, instance:com.grid.tests.GridTest@742ff096]" started-at="2026-02-08T23:59:31 IST" name="tearDown" finished-at="2026-02-08T23:59:32 IST" duration-ms="1151" status="PASS">
          <reporter-output>
          </reporter-output>
        </test-method> <!-- tearDown -->
      </class> <!-- com.grid.tests.GridTest -->
    </test> <!-- Firefox Test -->
  </suite> <!-- Grid Parallel Suite -->
</testng-results>
