<?xml version="1.0" encoding="UTF-8"?>
<testng-results ignored="0" total="2" passed="0" failed="2" skipped="0">
  <reporter-output>
  </reporter-output>
  <suite started-at="2026-02-08T01:25:45 IST" name="Grid Parallel Suite" finished-at="2026-02-08T01:25:45 IST" duration-ms="152">
    <groups>
    </groups>
    <test started-at="2026-02-08T01:25:45 IST" name="Chrome Test" finished-at="2026-02-08T01:25:45 IST" duration-ms="150">
      <class name="com.grid.tests.GridTest">
        <test-method signature="openGoogleOnGrid(java.lang.String)[pri:0, instance:com.grid.tests.GridTest@3012646b]" started-at="2026-02-08T01:25:45 IST" name="openGoogleOnGrid" finished-at="2026-02-08T01:25:45 IST" duration-ms="15" status="FAIL">
          <params>
            <param index="0">
              <value>
                <![CDATA[chrome]]>
              </value>
            </param>
          </params>
          <exception class="java.lang.RuntimeException">
            <message>
              <![CDATA[Local execution is disabled in GridTest. Use -Dexecution=grid]]>
            </message>
            <full-stacktrace>
              <![CDATA[java.lang.RuntimeException: Local execution is disabled in GridTest. Use -Dexecution=grid
at com.grid.tests.GridTest.openGoogleOnGrid(GridTest.java:43)
at java.base/jdk.internal.reflect.NativeMethodAccessorImpl.invoke0(Native Method)
at java.base/jdk.internal.reflect.NativeMethodAccessorImpl.invoke(NativeMethodAccessorImpl.java:62)
at java.base/jdk.internal.reflect.DelegatingMethodAccessorImpl.invoke(DelegatingMethodAccessorImpl.java:43)
at java.base/java.lang.reflect.Method.invoke(Method.java:566)
at org.testng.internal.invokers.MethodInvocationHelper.invokeMethod(MethodInvocationHelper.java:139)
at org.testng.internal.invokers.TestInvoker.invokeMethod(TestInvoker.java:664)
at org.testng.internal.invokers.TestInvoker.invokeTestMethod(TestInvoker.java:228)
at org.testng.internal.invokers.MethodRunner.runInSequence(MethodRunner.java:63)
at org.testng.internal.invokers.TestInvoker$MethodInvocationAgent.invoke(TestInvoker.java:961)
at org.testng.internal.invokers.TestInvoker.invokeTestMethods(TestInvoker.java:201)
at org.testng.internal.invokers.TestMethodWorker.invokeTestMethods(TestMethodWorker.java:148)
at org.testng.internal.invokers.TestMethodWorker.run(TestMethodWorker.java:128)
at java.base/java.util.ArrayList.forEach(ArrayList.java:1541)
at org.testng.TestRunner.privateRun(TestRunner.java:819)
at org.testng.TestRunner.run(TestRunner.java:619)
at org.testng.SuiteRunner.runTest(SuiteRunner.java:443)
at org.testng.SuiteRunner$SuiteWorker.run(SuiteRunner.java:481)
at org.testng.internal.thread.ThreadUtil.lambda$execute$0(ThreadUtil.java:58)
at java.base/java.util.concurrent.FutureTask.run(FutureTask.java:264)
at java.base/java.util.concurrent.ThreadPoolExecutor.runWorker(ThreadPoolExecutor.java:1128)
at java.base/java.util.concurrent.ThreadPoolExecutor$Worker.run(ThreadPoolExecutor.java:628)
at java.base/java.lang.Thread.run(Thread.java:834)
]]>
            </full-stacktrace>
          </exception> <!-- java.lang.RuntimeException -->
          <reporter-output>
          </reporter-output>
        </test-method> <!-- openGoogleOnGrid -->
        <test-method is-config="true" signature="tearDown()[pri:0, instance:com.grid.tests.GridTest@3012646b]" started-at="2026-02-08T01:25:45 IST" name="tearDown" finished-at="2026-02-08T01:25:45 IST" duration-ms="30" status="PASS">
          <reporter-output>
          </reporter-output>
        </test-method> <!-- tearDown -->
      </class> <!-- com.grid.tests.GridTest -->
    </test> <!-- Chrome Test -->
    <test started-at="2026-02-08T01:25:45 IST" name="Firefox Test" finished-at="2026-02-08T01:25:45 IST" duration-ms="152">
      <class name="com.grid.tests.GridTest">
        <test-method signature="openGoogleOnGrid(java.lang.String)[pri:0, instance:com.grid.tests.GridTest@1a75e76a]" started-at="2026-02-08T01:25:45 IST" name="openGoogleOnGrid" finished-at="2026-02-08T01:25:45 IST" duration-ms="16" status="FAIL">
          <params>
            <param index="0">
              <value>
                <![CDATA[firefox]]>
              </value>
            </param>
          </params>
          <exception class="java.lang.RuntimeException">
            <message>
              <![CDATA[Local execution is disabled in GridTest. Use -Dexecution=grid]]>
            </message>
            <full-stacktrace>
              <![CDATA[java.lang.RuntimeException: Local execution is disabled in GridTest. Use -Dexecution=grid
at com.grid.tests.GridTest.openGoogleOnGrid(GridTest.java:43)
at java.base/jdk.internal.reflect.NativeMethodAccessorImpl.invoke0(Native Method)
at java.base/jdk.internal.reflect.NativeMethodAccessorImpl.invoke(NativeMethodAccessorImpl.java:62)
at java.base/jdk.internal.reflect.DelegatingMethodAccessorImpl.invoke(DelegatingMethodAccessorImpl.java:43)
at java.base/java.lang.reflect.Method.invoke(Method.java:566)
at org.testng.internal.invokers.MethodInvocationHelper.invokeMethod(MethodInvocationHelper.java:139)
at org.testng.internal.invokers.TestInvoker.invokeMethod(TestInvoker.java:664)
at org.testng.internal.invokers.TestInvoker.invokeTestMethod(TestInvoker.java:228)
at org.testng.internal.invokers.MethodRunner.runInSequence(MethodRunner.java:63)
at org.testng.internal.invokers.TestInvoker$MethodInvocationAgent.invoke(TestInvoker.java:961)
at org.testng.internal.invokers.TestInvoker.invokeTestMethods(TestInvoker.java:201)
at org.testng.internal.invokers.TestMethodWorker.invokeTestMethods(TestMethodWorker.java:148)
at org.testng.internal.invokers.TestMethodWorker.run(TestMethodWorker.java:128)
at java.base/java.util.ArrayList.forEach(ArrayList.java:1541)
at org.testng.TestRunner.privateRun(TestRunner.java:819)
at org.testng.TestRunner.run(TestRunner.java:619)
at org.testng.SuiteRunner.runTest(SuiteRunner.java:443)
at org.testng.SuiteRunner$SuiteWorker.run(SuiteRunner.java:481)
at org.testng.internal.thread.ThreadUtil.lambda$execute$0(ThreadUtil.java:58)
at java.base/java.util.concurrent.FutureTask.run(FutureTask.java:264)
at java.base/java.util.concurrent.ThreadPoolExecutor.runWorker(ThreadPoolExecutor.java:1128)
at java.base/java.util.concurrent.ThreadPoolExecutor$Worker.run(ThreadPoolExecutor.java:628)
at java.base/java.lang.Thread.run(Thread.java:834)
]]>
            </full-stacktrace>
          </exception> <!-- java.lang.RuntimeException -->
          <reporter-output>
          </reporter-output>
        </test-method> <!-- openGoogleOnGrid -->
        <test-method is-config="true" signature="tearDown()[pri:0, instance:com.grid.tests.GridTest@1a75e76a]" started-at="2026-02-08T01:25:45 IST" name="tearDown" finished-at="2026-02-08T01:25:45 IST" duration-ms="21" status="PASS">
          <reporter-output>
          </reporter-output>
        </test-method> <!-- tearDown -->
      </class> <!-- com.grid.tests.GridTest -->
    </test> <!-- Firefox Test -->
  </suite> <!-- Grid Parallel Suite -->
</testng-results>
